0 info it worked if it ends with ok
1 verbose cli [ '/usr/bin/node', '/usr/bin/npm', 'install', 'scoket.io' ]
2 info using npm@1.3.21
3 info using node@v0.10.24
4 verbose node symlink /usr/bin/node
5 verbose cache add [ 'scoket.io', null ]
6 verbose cache add name=undefined spec="scoket.io" args=["scoket.io",null]
7 verbose parsed url { protocol: null,
7 verbose parsed url   slashes: null,
7 verbose parsed url   auth: null,
7 verbose parsed url   host: null,
7 verbose parsed url   port: null,
7 verbose parsed url   hostname: null,
7 verbose parsed url   hash: null,
7 verbose parsed url   search: null,
7 verbose parsed url   query: null,
7 verbose parsed url   pathname: 'scoket.io',
7 verbose parsed url   path: 'scoket.io',
7 verbose parsed url   href: 'scoket.io' }
8 silly lockFile 7486083c-scoket-io scoket.io
9 verbose lock scoket.io /home/v/.npm/7486083c-scoket-io.lock
10 silly lockFile 7486083c-scoket-io scoket.io
11 silly lockFile 7486083c-scoket-io scoket.io
12 verbose addNamed [ 'scoket.io', '' ]
13 verbose addNamed [ null, '*' ]
14 silly lockFile bfd37690-scoket-io scoket.io@
15 verbose lock scoket.io@ /home/v/.npm/bfd37690-scoket-io.lock
16 silly addNameRange { name: 'scoket.io', range: '*', hasData: false }
17 verbose url raw scoket.io
18 verbose url resolving [ 'https://registry.npmjs.org/', './scoket.io' ]
19 verbose url resolved https://registry.npmjs.org/scoket.io
20 info trying registry request attempt 1 at 22:07:51
21 http GET https://registry.npmjs.org/scoket.io
22 http 404 https://registry.npmjs.org/scoket.io
23 silly registry.get cb [ 404,
23 silly registry.get   { date: 'Tue, 24 Dec 2013 14:07:57 GMT',
23 silly registry.get     server: 'CouchDB/1.5.0 (Erlang OTP/R15B03)',
23 silly registry.get     'content-type': 'application/json',
23 silly registry.get     'cache-control': 'max-age=0',
23 silly registry.get     'content-length': '41',
23 silly registry.get     'accept-ranges': 'bytes',
23 silly registry.get     via: '1.1 varnish',
23 silly registry.get     age: '0',
23 silly registry.get     'x-served-by': 'cache-ty67-TYO',
23 silly registry.get     'x-cache': 'MISS',
23 silly registry.get     'x-cache-hits': '0',
23 silly registry.get     'x-timer': 'S1387894077.361508131,VS0,VE346',
23 silly registry.get     'keep-alive': 'timeout=10, max=50',
23 silly registry.get     connection: 'Keep-Alive' } ]
24 silly lockFile bfd37690-scoket-io scoket.io@
25 silly lockFile bfd37690-scoket-io scoket.io@
26 error 404 'scoket.io' is not in the npm registry.
26 error 404 You should bug the author to publish it
26 error 404
26 error 404 Note that you can also install from a
26 error 404 tarball, folder, or http url, or git url.
27 error System Linux 3.11.0-14-generic
28 error command "/usr/bin/node" "/usr/bin/npm" "install" "scoket.io"
29 error cwd /home/v/workspace/polandeme.github.io
30 error node -v v0.10.24
31 error npm -v 1.3.21
32 error code E404
33 verbose exit [ 1, true ]
